<?xml version="1.0" encoding="UTF-8"?>
<testng-results ignored="0" total="1" passed="1" failed="0" skipped="0">
  <reporter-output>
  </reporter-output>
  <suite started-at="2023-02-26T15:05:09 IST" name="Default suite" finished-at="2023-02-26T15:05:52 IST" duration-ms="43912">
    <groups>
    </groups>
    <test started-at="2023-02-26T15:05:09 IST" name="Default test" finished-at="2023-02-26T15:05:52 IST" duration-ms="43912">
      <class name="com.trello.qspiders.createanddeleteboard.EndToEndScenario">
        <test-method is-config="true" signature="configBeforeClass()[pri:0, instance:com.trello.qspiders.createanddeleteboard.EndToEndScenario@4803b726]" started-at="2023-02-26T15:05:09 IST" name="configBeforeClass" finished-at="2023-02-26T15:05:17 IST" duration-ms="8101" status="PASS">
          <reporter-output>
          </reporter-output>
        </test-method> <!-- configBeforeClass -->
        <test-method is-config="true" signature="cofigBeforeMethod()[pri:0, instance:com.trello.qspiders.createanddeleteboard.EndToEndScenario@4803b726]" started-at="2023-02-26T15:05:17 IST" name="cofigBeforeMethod" finished-at="2023-02-26T15:05:24 IST" duration-ms="7150" status="PASS">
          <reporter-output>
          </reporter-output>
        </test-method> <!-- cofigBeforeMethod -->
        <test-method signature="createAndDeleteKranthi_01()[pri:0, instance:com.trello.qspiders.createanddeleteboard.EndToEndScenario@4803b726]" started-at="2023-02-26T15:05:24 IST" name="createAndDeleteKranthi_01" finished-at="2023-02-26T15:05:39 IST" duration-ms="15584" status="PASS">
          <reporter-output>
          </reporter-output>
        </test-method> <!-- createAndDeleteKranthi_01 -->
        <test-method is-config="true" signature="configAfterMethod()[pri:0, instance:com.trello.qspiders.createanddeleteboard.EndToEndScenario@4803b726]" started-at="2023-02-26T15:05:39 IST" name="configAfterMethod" finished-at="2023-02-26T15:05:50 IST" duration-ms="10598" status="PASS">
          <reporter-output>
          </reporter-output>
        </test-method> <!-- configAfterMethod -->
        <test-method is-config="true" signature="cofigAfterClass()[pri:0, instance:com.trello.qspiders.createanddeleteboard.EndToEndScenario@4803b726]" started-at="2023-02-26T15:05:50 IST" name="cofigAfterClass" finished-at="2023-02-26T15:05:52 IST" duration-ms="2405" status="PASS">
          <reporter-output>
          </reporter-output>
        </test-method> <!-- cofigAfterClass -->
      </class> <!-- com.trello.qspiders.createanddeleteboard.EndToEndScenario -->
    </test> <!-- Default test -->
  </suite> <!-- Default suite -->
</testng-results>
